2025-06-01 22:22:42,851 - INFO - 讀取映射檔案: /Users/chenyanxiang/Desktop/ZOZO/sku_variant_mapping.xlsx
2025-06-01 22:22:42,915 - INFO - 已載入 1635 筆變體映射資料
2025-06-01 22:22:42,946 - INFO - 已載入 1632 個 SKU 映射
2025-06-01 22:22:42,976 - INFO - ZOZO 折扣同步程式已啟動
2025-06-01 22:23:11,775 - INFO - 開始處理 ZOZO 商品: https://zozo.jp/shop/mono-mart/goods-sale/73746072/?did=121049876
2025-06-01 22:23:29,688 - INFO - 找到 SKU 匹配: ZO-B61D-WHT-XS -> ZO-B61D-WHT-XS
2025-06-01 22:23:29,688 - INFO - SKU 匹配成功: ZO-B61D-WHT-XS -> ZO-B61D-WHT-XS
2025-06-01 22:23:29,688 - INFO - 折扣計算: ZOZO 10% -> Easy 5%
2025-06-01 22:23:31,175 - INFO - 獲取到商品 12239121 的 40 個變體
2025-06-01 22:23:31,177 - INFO - 準備更新 40 個變體的價格
2025-06-01 22:23:31,918 - INFO - 已更新變體 56507816 價格: 1121
2025-06-01 22:23:32,666 - INFO - 已更新變體 65054156 價格: 1121
2025-06-01 22:23:33,456 - INFO - 已更新變體 56507817 價格: 1121
2025-06-01 22:23:34,037 - INFO - 已更新變體 56507818 價格: 1121
2025-06-01 22:23:34,649 - INFO - 已更新變體 56507819 價格: 1121
2025-06-01 22:23:36,204 - INFO - 已更新變體 65054157 價格: 1121
2025-06-01 22:23:36,673 - INFO - 已更新變體 56507799 價格: 1121
2025-06-01 22:23:38,225 - INFO - 已更新變體 56507800 價格: 1121
2025-06-01 22:23:39,081 - INFO - 已更新變體 56507801 價格: 1121
2025-06-01 22:23:40,030 - INFO - 已更新變體 65054158 價格: 1121
2025-06-01 22:23:40,673 - INFO - 已更新變體 65054159 價格: 1121
2025-06-01 22:23:41,323 - INFO - 已更新變體 65054160 價格: 1121
2025-06-01 22:23:41,884 - INFO - 已更新變體 65054161 價格: 1121
2025-06-01 22:23:42,471 - INFO - 已更新變體 65054162 價格: 1121
2025-06-01 22:23:42,978 - INFO - 已更新變體 65054163 價格: 1121
2025-06-01 22:23:45,144 - INFO - 已更新變體 65054164 價格: 1121
2025-06-01 22:23:46,762 - INFO - 已更新變體 65054165 價格: 1121
2025-06-01 22:23:47,231 - INFO - 已更新變體 65054166 價格: 1121
2025-06-01 22:23:48,611 - INFO - 已更新變體 65054167 價格: 1121
2025-06-01 22:23:49,430 - INFO - 已更新變體 65054168 價格: 1121
2025-06-01 22:23:50,172 - INFO - 已更新變體 65054169 價格: 1121
2025-06-01 22:23:50,917 - INFO - 已更新變體 65054170 價格: 1121
2025-06-01 22:23:51,576 - INFO - 已更新變體 65054171 價格: 1121
2025-06-01 22:23:52,604 - INFO - 已更新變體 65054172 價格: 1121
2025-06-01 22:23:53,217 - INFO - 已更新變體 65054173 價格: 1121
2025-06-01 22:23:56,581 - INFO - 已更新變體 65054174 價格: 1121
2025-06-01 22:23:57,165 - INFO - 已更新變體 65054175 價格: 1121
2025-06-01 22:23:57,928 - INFO - 已更新變體 65054176 價格: 1121
2025-06-01 22:23:58,818 - INFO - 已更新變體 65054177 價格: 1121
2025-06-01 22:23:59,547 - INFO - 已更新變體 56507825 價格: 1121
2025-06-01 22:24:00,126 - INFO - 已更新變體 65054178 價格: 1121
2025-06-01 22:24:02,479 - INFO - 已更新變體 65054179 價格: 1121
2025-06-01 22:24:03,447 - INFO - 已更新變體 65054180 價格: 1121
2025-06-01 22:24:03,944 - INFO - 已更新變體 65054181 價格: 1121
2025-06-01 22:24:04,826 - INFO - 已更新變體 65054182 價格: 1121
2025-06-01 22:24:05,316 - INFO - 已更新變體 65054183 價格: 1121
2025-06-01 22:24:05,775 - INFO - 已更新變體 65054184 價格: 1121
2025-06-01 22:24:06,453 - INFO - 已更新變體 65054185 價格: 1121
2025-06-01 22:24:07,083 - INFO - 已更新變體 65054186 價格: 1121
2025-06-01 22:24:07,705 - INFO - 已更新變體 65054187 價格: 1121
2025-06-01 22:24:07,706 - INFO - 成功更新 40 個變體
